<?xml version="1.0" encoding="UTF-8"?>
<!-- Generated by org.testng.reporters.JUnitXMLReporter -->
<testsuite hostname="DEEPANSHU26" ignored="0" name="Test" tests="5" failures="0" timestamp="23 Apr 2019 20:18:40 GMT" time="26.034" errors="0">
  <testcase name="loginWordPressTest" time="3.456" classname="com.wordPress.testcases.verifyLoginPage"/>
  <testcase name="addNewPostTest" time="5.734" classname="com.wordPress.testcases.verifyLoginPage"/>
  <testcase name="write_postTest" time="1.945" classname="com.wordPress.testcases.verifyLoginPage"/>
  <testcase name="publish_postTest" time="4.874" classname="com.wordPress.testcases.verifyLoginPage"/>
  <testcase name="postVerificationTest" time="0.061" classname="com.wordPress.testcases.verifyLoginPage"/>
</testsuite> <!-- Test -->
