<?xml version="1.0" encoding="UTF-8"?>
<!-- Generated by org.testng.reporters.JUnitXMLReporter -->
<testsuite hostname="DEEPANSHU26" ignored="0" name="Default test" tests="5" failures="0" timestamp="24 Apr 2019 07:35:16 GMT" time="37.369" errors="0">
  <testcase name="loginWordPressTest" time="6.683" classname="com.wordPress.testcases.verifyLoginPage"/>
  <testcase name="addNewPostTest" time="9.917" classname="com.wordPress.testcases.verifyLoginPage"/>
  <testcase name="write_postTest" time="0.152" classname="com.wordPress.testcases.verifyLoginPage"/>
  <testcase name="publish_postTest" time="5.389" classname="com.wordPress.testcases.verifyLoginPage"/>
  <testcase name="postVerificationTest" time="3.634" classname="com.wordPress.testcases.verifyLoginPage"/>
</testsuite> <!-- Default test -->
