<?xml version="1.0" encoding="UTF-8"?>
<testng-results skipped="0" failed="0" ignored="0" total="1" passed="1">
  <reporter-output>
  </reporter-output>
  <suite name="Default suite" duration-ms="26722" started-at="2019-05-08T08:51:48Z" finished-at="2019-05-08T08:52:15Z">
    <groups>
    </groups>
    <test name="Default test" duration-ms="26722" started-at="2019-05-08T08:51:48Z" finished-at="2019-05-08T08:52:15Z">
      <class name="mavenSelenium.demo">
        <test-method status="PASS" signature="demoTest()[pri:0, instance:mavenSelenium.demo@5bcab519]" name="demoTest" duration-ms="26666" started-at="2019-05-08T08:51:48Z" finished-at="2019-05-08T08:52:15Z">
          <reporter-output>
          </reporter-output>
        </test-method> <!-- demoTest -->
      </class> <!-- mavenSelenium.demo -->
    </test> <!-- Default test -->
  </suite> <!-- Default suite -->
</testng-results>
